[0602/205238.905:ERROR:process_reader_win.cc(142)] SuspendThread: 拒绝访问。 (0x5)
[0602/205238.907:ERROR:process_reader_win.cc(142)] SuspendThread: 拒绝访问。 (0x5)
[0602/205238.907:ERROR:process_reader_win.cc(142)] SuspendThread: 拒绝访问。 (0x5)
[0602/205238.907:ERROR:process_reader_win.cc(142)] SuspendThread: 拒绝访问。 (0x5)
[0602/205238.908:ERROR:process_reader_win.cc(142)] SuspendThread: 拒绝访问。 (0x5)
[0602/205238.908:ERROR:process_reader_win.cc(142)] SuspendThread: 拒绝访问。 (0x5)
[0602/205238.908:ERROR:process_reader_win.cc(142)] SuspendThread: 拒绝访问。 (0x5)
[0602/205238.908:ERROR:process_reader_win.cc(142)] SuspendThread: 拒绝访问。 (0x5)
[0602/205238.908:ERROR:process_reader_win.cc(142)] SuspendThread: 拒绝访问。 (0x5)
[0602/205238.908:ERROR:process_reader_win.cc(142)] SuspendThread: 拒绝访问。 (0x5)
[0602/205238.926:ERROR:process_reader_win.cc(233)] ReadMemory at 0x5334dd0 of 32768 bytes failed: 仅完成部分的 ReadProcessMemory 或 WriteProcessMemory 请求。 (0x12B)
[0602/205238.926:WARNING:pe_image_annotations_reader.cc(65)] could not read simple annotations from C:\Program Files (x86)\Google\Chrome\Application\57.0.2987.110\chrome_elf.dll
[0602/205238.973:ERROR:process_reader_win.cc(142)] SuspendThread: 拒绝访问。 (0x5)
[0602/205238.974:ERROR:process_reader_win.cc(142)] SuspendThread: 拒绝访问。 (0x5)
[0602/205238.974:ERROR:process_reader_win.cc(142)] SuspendThread: 拒绝访问。 (0x5)
[0602/205238.974:ERROR:process_reader_win.cc(142)] SuspendThread: 拒绝访问。 (0x5)
[0602/205238.974:ERROR:process_reader_win.cc(142)] SuspendThread: 拒绝访问。 (0x5)
[0602/205238.974:ERROR:process_reader_win.cc(142)] SuspendThread: 拒绝访问。 (0x5)
[0602/205238.974:ERROR:process_reader_win.cc(142)] SuspendThread: 拒绝访问。 (0x5)
[0602/205238.974:ERROR:process_reader_win.cc(142)] SuspendThread: 拒绝访问。 (0x5)
[0602/205238.974:ERROR:process_reader_win.cc(142)] SuspendThread: 拒绝访问。 (0x5)
[0602/205238.987:ERROR:process_reader_win.cc(233)] ReadMemory at 0x4d04dd0 of 32768 bytes failed: 仅完成部分的 ReadProcessMemory 或 WriteProcessMemory 请求。 (0x12B)
[0602/205238.987:WARNING:pe_image_annotations_reader.cc(65)] could not read simple annotations from C:\Program Files (x86)\Google\Chrome\Application\57.0.2987.110\chrome_elf.dll
[0602/205250.230:ERROR:process_reader_win.cc(142)] SuspendThread: 拒绝访问。 (0x5)
[0602/205250.232:ERROR:process_reader_win.cc(142)] SuspendThread: 拒绝访问。 (0x5)
[0602/205250.232:ERROR:process_reader_win.cc(142)] SuspendThread: 拒绝访问。 (0x5)
[0602/205250.232:ERROR:process_reader_win.cc(142)] SuspendThread: 拒绝访问。 (0x5)
[0602/205250.232:ERROR:process_reader_win.cc(142)] SuspendThread: 拒绝访问。 (0x5)
[0602/205250.232:ERROR:process_reader_win.cc(142)] SuspendThread: 拒绝访问。 (0x5)
[0602/205250.232:ERROR:process_reader_win.cc(142)] SuspendThread: 拒绝访问。 (0x5)
[0602/205250.232:ERROR:process_reader_win.cc(142)] SuspendThread: 拒绝访问。 (0x5)
[0602/205250.233:ERROR:process_reader_win.cc(142)] SuspendThread: 拒绝访问。 (0x5)
[0602/205250.246:ERROR:process_reader_win.cc(233)] ReadMemory at 0x5054dd0 of 32768 bytes failed: 仅完成部分的 ReadProcessMemory 或 WriteProcessMemory 请求。 (0x12B)
[0602/205250.246:WARNING:pe_image_annotations_reader.cc(65)] could not read simple annotations from C:\Program Files (x86)\Google\Chrome\Application\57.0.2987.110\chrome_elf.dll
[0602/205250.296:ERROR:process_reader_win.cc(142)] SuspendThread: 拒绝访问。 (0x5)
[0602/205250.296:ERROR:process_reader_win.cc(142)] SuspendThread: 拒绝访问。 (0x5)
[0602/205250.296:ERROR:process_reader_win.cc(142)] SuspendThread: 拒绝访问。 (0x5)
[0602/205250.296:ERROR:process_reader_win.cc(142)] SuspendThread: 拒绝访问。 (0x5)
[0602/205250.296:ERROR:process_reader_win.cc(142)] SuspendThread: 拒绝访问。 (0x5)
[0602/205250.296:ERROR:process_reader_win.cc(142)] SuspendThread: 拒绝访问。 (0x5)
[0602/205250.296:ERROR:process_reader_win.cc(142)] SuspendThread: 拒绝访问。 (0x5)
[0602/205250.296:ERROR:process_reader_win.cc(142)] SuspendThread: 拒绝访问。 (0x5)
[0602/205250.296:ERROR:process_reader_win.cc(142)] SuspendThread: 拒绝访问。 (0x5)
[0602/205250.296:ERROR:process_reader_win.cc(142)] SuspendThread: 拒绝访问。 (0x5)
[0602/205250.321:ERROR:process_reader_win.cc(233)] ReadMemory at 0x58c4dd0 of 32768 bytes failed: 仅完成部分的 ReadProcessMemory 或 WriteProcessMemory 请求。 (0x12B)
[0602/205250.322:WARNING:pe_image_annotations_reader.cc(65)] could not read simple annotations from C:\Program Files (x86)\Google\Chrome\Application\57.0.2987.110\chrome_elf.dll
[0602/205303.066:ERROR:process_reader_win.cc(142)] SuspendThread: 拒绝访问。 (0x5)
[0602/205303.069:ERROR:process_reader_win.cc(142)] SuspendThread: 拒绝访问。 (0x5)
[0602/205303.069:ERROR:process_reader_win.cc(142)] SuspendThread: 拒绝访问。 (0x5)
[0602/205303.069:ERROR:process_reader_win.cc(142)] SuspendThread: 拒绝访问。 (0x5)
[0602/205303.069:ERROR:process_reader_win.cc(142)] SuspendThread: 拒绝访问。 (0x5)
[0602/205303.069:ERROR:process_reader_win.cc(142)] SuspendThread: 拒绝访问。 (0x5)
[0602/205303.069:ERROR:process_reader_win.cc(142)] SuspendThread: 拒绝访问。 (0x5)
[0602/205303.069:ERROR:process_reader_win.cc(142)] SuspendThread: 拒绝访问。 (0x5)
[0602/205303.084:ERROR:process_reader_win.cc(233)] ReadMemory at 0x5a84dd0 of 32768 bytes failed: 仅完成部分的 ReadProcessMemory 或 WriteProcessMemory 请求。 (0x12B)
[0602/205303.085:WARNING:pe_image_annotations_reader.cc(65)] could not read simple annotations from C:\Program Files (x86)\Google\Chrome\Application\57.0.2987.110\chrome_elf.dll
[0602/205303.202:ERROR:process_reader_win.cc(233)] ReadMemory at 0x4f14dd0 of 32768 bytes failed: 仅完成部分的 ReadProcessMemory 或 WriteProcessMemory 请求。 (0x12B)
[0602/205303.202:WARNING:pe_image_annotations_reader.cc(65)] could not read simple annotations from C:\Program Files (x86)\Google\Chrome\Application\57.0.2987.110\chrome_elf.dll
[0602/205303.222:ERROR:process_reader_win.cc(233)] ReadMemory at 0x4b43000 of 53248 bytes failed: 仅完成部分的 ReadProcessMemory 或 WriteProcessMemory 请求。 (0x12B)
[0602/205303.222:ERROR:crash_report_exception_handler.cc(111)] WriteEverything failed
[0602/205303.223:ERROR:scoped_process_suspend.cc(38)] NtResumeProcess: 已尝试访问正在退出的过程。  (0xc000010a)
